06-05 17:35:07 - INFO - System Mode: passive
06-05 17:35:13 - INFO - Fan 0: set to 40%
06-05 17:35:13 - INFO - System Mode: active
06-05 17:35:14 - INFO - Fan 0: set to 10%
06-05 17:35:14 - INFO - System Mode: passive
06-05 17:35:15 - INFO - Fan 0: set to 40%
06-05 17:35:15 - INFO - System Mode: active
06-05 17:37:17 - INFO - System Initialized Successfully
06-05 17:37:23 - INFO - System Initialized Successfully
06-05 17:42:20 - INFO - System Initialized Successfully
06-05 17:42:47 - INFO - System Initialized Successfully
06-05 17:43:35 - INFO - System Initialized Successfully
06-05 17:43:54 - INFO - System Initialized Successfully
06-05 17:44:22 - INFO - System Initialized Successfully
06-05 17:44:35 - INFO - Fan 0: set to 100%
06-05 17:44:35 - INFO - Damper 0 is set to 90 degrees
06-05 17:44:35 - INFO - System Mode: active
06-05 17:44:45 - INFO - Damper 2 is set to 90 degrees
06-05 17:44:49 - INFO - Damper 2 is set to 25 degrees
06-05 17:45:35 - INFO - Damper 2 is set to 90 degrees
06-05 17:46:06 - INFO - Damper 2 is set to 25 degrees
06-05 17:46:06 - INFO - Damper 2 is set to 90 degrees
06-05 17:46:07 - INFO - Damper 2 is set to 25 degrees
06-05 17:46:30 - INFO - Damper 2 is set to 45 degrees
06-05 17:46:30 - INFO - Damper 2 is set to 90 degrees
06-05 17:46:31 - INFO - Damper 2 is set to 25 degrees
06-05 17:46:32 - INFO - Damper 2 is set to 90 degrees
06-05 17:47:12 - INFO - Fan 0: set to 80%
06-05 17:47:12 - INFO - Damper 0 is set to 25 degrees
06-05 17:49:05 - INFO - System Initialized Successfully
06-05 17:49:07 - INFO - Fan 0: set to 90%
06-05 17:49:07 - INFO - Damper 1 is set to 90 degrees
06-05 17:49:07 - INFO - System Mode: active
06-05 17:49:08 - INFO - Fan 0: set to 100%
06-05 17:49:08 - INFO - Damper 2 is set to 90 degrees
06-05 17:49:56 - INFO - System Initialized Successfully
06-05 17:49:57 - INFO - Fan 0: set to 90%
06-05 17:49:57 - INFO - Damper 1 is set to 90 degrees
06-05 17:49:57 - INFO - System Mode: active
06-05 17:49:57 - INFO - Fan 0: set to 100%
06-05 17:49:57 - INFO - Damper 2 is set to 90 degrees
06-05 17:50:05 - INFO - Damper 0 is set to 90 degrees
06-05 17:50:05 - INFO - Damper 1 is set to 25 degrees
06-05 17:50:09 - INFO - Damper 1 is set to 90 degrees
06-05 17:50:11 - INFO - Damper 2 is set to 25 degrees
